# JRE version: Java(TM) SE Runtime Environment (8.0_161-b12) (build 1.8.0_161-b12)
# Java VM: Java HotSpot(TM) 64-Bit Server VM (25.161-b12 mixed mode windows-amd64 compressed oops)
Heap:
 PSYoungGen      total 288256K, used 149335K [0x0000000715d00000, 0x000000072c100000, 0x00000007c0000000)
  eden space 279040K, 50% used [0x0000000715d00000,0x000000071e60a2d0,0x0000000726d80000)
  from space 9216K, 97% used [0x0000000729c80000,0x000000072a54b998,0x000000072a580000)
  to   space 22016K, 0% used [0x000000072ab80000,0x000000072ab80000,0x000000072c100000)
 ParOldGen       total 504320K, used 70937K [0x00000005c1600000, 0x00000005e0280000, 0x0000000715d00000)
  object space 504320K, 14% used [0x00000005c1600000,0x00000005c5b46700,0x00000005e0280000)
 Metaspace       used 82551K, capacity 84428K, committed 84480K, reserved 1124352K
  class space    used 8548K, capacity 8919K, committed 8960K, reserved 1048576K
GC Heap History (10 events):
Event: 1817.779 GC heap before
{Heap before GC invocations=32 (full 3):
 PSYoungGen      total 317440K, used 316998K [0x0000000715d00000, 0x000000072f600000, 0x00000007c0000000)
  eden space 307200K, 100% used [0x0000000715d00000,0x0000000728900000,0x0000000728900000)
  from space 10240K, 95% used [0x000000072ec00000,0x000000072f591be0,0x000000072f600000)
  to   space 23040K, 0% used [0x000000072c900000,0x000000072c900000,0x000000072df80000)
 ParOldGen       total 504320K, used 70478K [0x00000005c1600000, 0x00000005e0280000, 0x0000000715d00000)
  object space 504320K, 13% used [0x00000005c1600000,0x00000005c5ad39d8,0x00000005e0280000)
 Metaspace       used 82215K, capacity 84028K, committed 84224K, reserved 1124352K
  class space    used 8530K, capacity 8917K, committed 8960K, reserved 1048576K
Event: 1817.785 GC heap after
Heap after GC invocations=32 (full 3):
 PSYoungGen      total 311808K, used 10615K [0x0000000715d00000, 0x000000072ec80000, 0x00000007c0000000)
  eden space 301056K, 0% used [0x0000000715d00000,0x0000000715d00000,0x0000000728300000)
  from space 10752K, 98% used [0x000000072c900000,0x000000072d35dff0,0x000000072d380000)
  to   space 23040K, 0% used [0x000000072d600000,0x000000072d600000,0x000000072ec80000)
 ParOldGen       total 504320K, used 70841K [0x00000005c1600000, 0x00000005e0280000, 0x0000000715d00000)
  object space 504320K, 14% used [0x00000005c1600000,0x00000005c5b2e700,0x00000005e0280000)
 Metaspace       used 82215K, capacity 84028K, committed 84224K, reserved 1124352K
  class space    used 8530K, capacity 8917K, committed 8960K, reserved 1048576K
}
Event: 1821.063 GC heap before
{Heap before GC invocations=33 (full 3):
 PSYoungGen      total 311808K, used 311671K [0x0000000715d00000, 0x000000072ec80000, 0x00000007c0000000)
  eden space 301056K, 100% used [0x0000000715d00000,0x0000000728300000,0x0000000728300000)
  from space 10752K, 98% used [0x000000072c900000,0x000000072d35dff0,0x000000072d380000)
  to   space 23040K, 0% used [0x000000072d600000,0x000000072d600000,0x000000072ec80000)
 ParOldGen       total 504320K, used 70841K [0x00000005c1600000, 0x00000005e0280000, 0x0000000715d00000)
  object space 504320K, 14% used [0x00000005c1600000,0x00000005c5b2e700,0x00000005e0280000)
 Metaspace       used 82237K, capacity 84092K, committed 84224K, reserved 1124352K
  class space    used 8530K, capacity 8917K, committed 8960K, reserved 1048576K
Event: 1821.070 GC heap after
Heap after GC invocations=33 (full 3):
 PSYoungGen      total 305664K, used 10078K [0x0000000715d00000, 0x000000072e000000, 0x00000007c0000000)
  eden space 295424K, 0% used [0x0000000715d00000,0x0000000715d00000,0x0000000727d80000)
  from space 10240K, 98% used [0x000000072d600000,0x000000072dfd7998,0x000000072e000000)
  to   space 22528K, 0% used [0x000000072b400000,0x000000072b400000,0x000000072ca00000)
 ParOldGen       total 504320K, used 70865K [0x00000005c1600000, 0x00000005e0280000, 0x0000000715d00000)
  object space 504320K, 14% used [0x00000005c1600000,0x00000005c5b34700,0x00000005e0280000)
 Metaspace       used 82237K, capacity 84092K, committed 84224K, reserved 1124352K
  class space    used 8530K, capacity 8917K, committed 8960K, reserved 1048576K
}
Event: 1883.343 GC heap before
{Heap before GC invocations=34 (full 3):
 PSYoungGen      total 305664K, used 305502K [0x0000000715d00000, 0x000000072e000000, 0x00000007c0000000)
  eden space 295424K, 100% used [0x0000000715d00000,0x0000000727d80000,0x0000000727d80000)
  from space 10240K, 98% used [0x000000072d600000,0x000000072dfd7998,0x000000072e000000)
  to   space 22528K, 0% used [0x000000072b400000,0x000000072b400000,0x000000072ca00000)
 ParOldGen       total 504320K, used 70865K [0x00000005c1600000, 0x00000005e0280000, 0x0000000715d00000)
  object space 504320K, 14% used [0x00000005c1600000,0x00000005c5b34700,0x00000005e0280000)
 Metaspace       used 82250K, capacity 84092K, committed 84224K, reserved 1124352K
  class space    used 8530K, capacity 8917K, committed 8960K, reserved 1048576K
Event: 1883.351 GC heap after
Heap after GC invocations=34 (full 3):
 PSYoungGen      total 298496K, used 8382K [0x0000000715d00000, 0x000000072d680000, 0x00000007c0000000)
  eden space 289792K, 0% used [0x0000000715d00000,0x0000000715d00000,0x0000000727800000)
  from space 8704K, 96% used [0x000000072b400000,0x000000072bc2f988,0x000000072bc80000)
  to   space 22528K, 0% used [0x000000072c080000,0x000000072c080000,0x000000072d680000)
 ParOldGen       total 504320K, used 70889K [0x00000005c1600000, 0x00000005e0280000, 0x0000000715d00000)
  object space 504320K, 14% used [0x00000005c1600000,0x00000005c5b3a700,0x00000005e0280000)
 Metaspace       used 82250K, capacity 84092K, committed 84224K, reserved 1124352K
  class space    used 8530K, capacity 8917K, committed 8960K, reserved 1048576K
}
Event: 1886.522 GC heap before
{Heap before GC invocations=35 (full 3):
 PSYoungGen      total 298496K, used 298174K [0x0000000715d00000, 0x000000072d680000, 0x00000007c0000000)
  eden space 289792K, 100% used [0x0000000715d00000,0x0000000727800000,0x0000000727800000)
  from space 8704K, 96% used [0x000000072b400000,0x000000072bc2f988,0x000000072bc80000)
  to   space 22528K, 0% used [0x000000072c080000,0x000000072c080000,0x000000072d680000)
 ParOldGen       total 504320K, used 70889K [0x00000005c1600000, 0x00000005e0280000, 0x0000000715d00000)
  object space 504320K, 14% used [0x00000005c1600000,0x00000005c5b3a700,0x00000005e0280000)
 Metaspace       used 82301K, capacity 84156K, committed 84224K, reserved 1124352K
  class space    used 8530K, capacity 8917K, committed 8960K, reserved 1048576K
Event: 1886.528 GC heap after
Heap after GC invocations=35 (full 3):
 PSYoungGen      total 292352K, used 7982K [0x0000000715d00000, 0x000000072c880000, 0x00000007c0000000)
  eden space 284160K, 0% used [0x0000000715d00000,0x0000000715d00000,0x0000000727280000)
  from space 8192K, 97% used [0x000000072c080000,0x000000072c84b978,0x000000072c880000)
  to   space 22528K, 0% used [0x0000000729c80000,0x0000000729c80000,0x000000072b280000)
 ParOldGen       total 504320K, used 70905K [0x00000005c1600000, 0x00000005e0280000, 0x0000000715d00000)
  object space 504320K, 14% used [0x00000005c1600000,0x00000005c5b3e700,0x00000005e0280000)
 Metaspace       used 82301K, capacity 84156K, committed 84224K, reserved 1124352K
  class space    used 8530K, capacity 8917K, committed 8960K, reserved 1048576K
}
Event: 1892.839 GC heap before
{Heap before GC invocations=36 (full 3):
 PSYoungGen      total 292352K, used 292142K [0x0000000715d00000, 0x000000072c880000, 0x00000007c0000000)
  eden space 284160K, 100% used [0x0000000715d00000,0x0000000727280000,0x0000000727280000)
  from space 8192K, 97% used [0x000000072c080000,0x000000072c84b978,0x000000072c880000)
  to   space 22528K, 0% used [0x0000000729c80000,0x0000000729c80000,0x000000072b280000)
 ParOldGen       total 504320K, used 70905K [0x00000005c1600000, 0x00000005e0280000, 0x0000000715d00000)
  object space 504320K, 14% used [0x00000005c1600000,0x00000005c5b3e700,0x00000005e0280000)
 Metaspace       used 82333K, capacity 84220K, committed 84480K, reserved 1124352K
  class space    used 8530K, capacity 8917K, committed 8960K, reserved 1048576K
Event: 1892.844 GC heap after
Heap after GC invocations=36 (full 3):
 PSYoungGen      total 288256K, used 9006K [0x0000000715d00000, 0x000000072c100000, 0x00000007c0000000)
  eden space 279040K, 0% used [0x0000000715d00000,0x0000000715d00000,0x0000000726d80000)
  from space 9216K, 97% used [0x0000000729c80000,0x000000072a54b998,0x000000072a580000)
  to   space 22016K, 0% used [0x000000072ab80000,0x000000072ab80000,0x000000072c100000)
 ParOldGen       total 504320K, used 70937K [0x00000005c1600000, 0x00000005e0280000, 0x0000000715d00000)
  object space 504320K, 14% used [0x00000005c1600000,0x00000005c5b46700,0x00000005e0280000)
 Metaspace       used 82333K, capacity 84220K, committed 84480K, reserved 1124352K
  class space    used 8530K, capacity 8917K, committed 8960K, reserved 1048576K
}

