# JRE version: Java(TM) SE Runtime Environment (8.0_161-b12) (build 1.8.0_161-b12)
# Java VM: Java HotSpot(TM) 64-Bit Server VM (25.161-b12 mixed mode windows-amd64 compressed oops)
Heap:
 PSYoungGen      total 445952K, used 284266K [0x0000000715f80000, 0x0000000734180000, 0x00000007c0000000)
  eden space 420352K, 61% used [0x0000000715f80000,0x0000000725c89438,0x000000072fa00000)
  from space 25600K, 98% used [0x0000000732880000,0x00000007341115b0,0x0000000734180000)
  to   space 35840K, 0% used [0x000000072fb80000,0x000000072fb80000,0x0000000731e80000)
 ParOldGen       total 518656K, used 68648K [0x00000005c1e00000, 0x00000005e1880000, 0x0000000715f80000)
  object space 518656K, 13% used [0x00000005c1e00000,0x00000005c610a1c8,0x00000005e1880000)
 Metaspace       used 89605K, capacity 92338K, committed 92416K, reserved 1132544K
  class space    used 9276K, capacity 9728K, committed 9728K, reserved 1048576K
GC Heap History (10 events):
Event: 1314.281 GC heap before
{Heap before GC invocations=17 (full 3):
 PSYoungGen      total 501248K, used 501230K [0x0000000715f80000, 0x0000000736980000, 0x00000007c0000000)
  eden space 475136K, 100% used [0x0000000715f80000,0x0000000732f80000,0x0000000732f80000)
  from space 26112K, 99% used [0x0000000733f00000,0x000000073587b9d8,0x0000000735880000)
  to   space 17408K, 0% used [0x0000000735880000,0x0000000735880000,0x0000000736980000)
 ParOldGen       total 518656K, used 55163K [0x00000005c1e00000, 0x00000005e1880000, 0x0000000715f80000)
  object space 518656K, 10% used [0x00000005c1e00000,0x00000005c53def68,0x00000005e1880000)
 Metaspace       used 84164K, capacity 86650K, committed 86912K, reserved 1126400K
  class space    used 8834K, capacity 9262K, committed 9344K, reserved 1048576K
Event: 1314.295 GC heap after
Heap after GC invocations=17 (full 3):
 PSYoungGen      total 480768K, used 17389K [0x0000000715f80000, 0x0000000736980000, 0x00000007c0000000)
  eden space 463360K, 0% used [0x0000000715f80000,0x0000000715f80000,0x0000000732400000)
  from space 17408K, 99% used [0x0000000735880000,0x000000073697b6b0,0x0000000736980000)
  to   space 33792K, 0% used [0x0000000732780000,0x0000000732780000,0x0000000734880000)
 ParOldGen       total 518656K, used 68616K [0x00000005c1e00000, 0x00000005e1880000, 0x0000000715f80000)
  object space 518656K, 13% used [0x00000005c1e00000,0x00000005c61021c8,0x00000005e1880000)
 Metaspace       used 84164K, capacity 86650K, committed 86912K, reserved 1126400K
  class space    used 8834K, capacity 9262K, committed 9344K, reserved 1048576K
}
Event: 1609.585 GC heap before
{Heap before GC invocations=18 (full 3):
 PSYoungGen      total 480768K, used 480749K [0x0000000715f80000, 0x0000000736980000, 0x00000007c0000000)
  eden space 463360K, 100% used [0x0000000715f80000,0x0000000732400000,0x0000000732400000)
  from space 17408K, 99% used [0x0000000735880000,0x000000073697b6b0,0x0000000736980000)
  to   space 33792K, 0% used [0x0000000732780000,0x0000000732780000,0x0000000734880000)
 ParOldGen       total 518656K, used 68616K [0x00000005c1e00000, 0x00000005e1880000, 0x0000000715f80000)
  object space 518656K, 13% used [0x00000005c1e00000,0x00000005c61021c8,0x00000005e1880000)
 Metaspace       used 88723K, capacity 91294K, committed 91392K, reserved 1130496K
  class space    used 9267K, capacity 9714K, committed 9728K, reserved 1048576K
Event: 1609.601 GC heap after
Heap after GC invocations=18 (full 3):
 PSYoungGen      total 476160K, used 23818K [0x0000000715f80000, 0x0000000735d00000, 0x00000007c0000000)
  eden space 452096K, 0% used [0x0000000715f80000,0x0000000715f80000,0x0000000731900000)
  from space 24064K, 98% used [0x0000000732780000,0x0000000733ec2b20,0x0000000733f00000)
  to   space 30720K, 0% used [0x0000000733f00000,0x0000000733f00000,0x0000000735d00000)
 ParOldGen       total 518656K, used 68624K [0x00000005c1e00000, 0x00000005e1880000, 0x0000000715f80000)
  object space 518656K, 13% used [0x00000005c1e00000,0x00000005c61041c8,0x00000005e1880000)
 Metaspace       used 88723K, capacity 91294K, committed 91392K, reserved 1130496K
  class space    used 9267K, capacity 9714K, committed 9728K, reserved 1048576K
}
Event: 1662.942 GC heap before
{Heap before GC invocations=19 (full 3):
 PSYoungGen      total 476160K, used 475914K [0x0000000715f80000, 0x0000000735d00000, 0x00000007c0000000)
  eden space 452096K, 100% used [0x0000000715f80000,0x0000000731900000,0x0000000731900000)
  from space 24064K, 98% used [0x0000000732780000,0x0000000733ec2b20,0x0000000733f00000)
  to   space 30720K, 0% used [0x0000000733f00000,0x0000000733f00000,0x0000000735d00000)
 ParOldGen       total 518656K, used 68624K [0x00000005c1e00000, 0x00000005e1880000, 0x0000000715f80000)
  object space 518656K, 13% used [0x00000005c1e00000,0x00000005c61041c8,0x00000005e1880000)
 Metaspace       used 89042K, capacity 91668K, committed 91904K, reserved 1132544K
  class space    used 9272K, capacity 9723K, committed 9728K, reserved 1048576K
Event: 1662.955 GC heap after
Heap after GC invocations=19 (full 3):
 PSYoungGen      total 463872K, used 22481K [0x0000000715f80000, 0x0000000735500000, 0x00000007c0000000)
  eden space 441344K, 0% used [0x0000000715f80000,0x0000000715f80000,0x0000000730e80000)
  from space 22528K, 99% used [0x0000000733f00000,0x00000007354f45d8,0x0000000735500000)
  to   space 34816K, 0% used [0x0000000731100000,0x0000000731100000,0x0000000733300000)
 ParOldGen       total 518656K, used 68632K [0x00000005c1e00000, 0x00000005e1880000, 0x0000000715f80000)
  object space 518656K, 13% used [0x00000005c1e00000,0x00000005c61061c8,0x00000005e1880000)
 Metaspace       used 89042K, capacity 91668K, committed 91904K, reserved 1132544K
  class space    used 9272K, capacity 9723K, committed 9728K, reserved 1048576K
}
Event: 1666.312 GC heap before
{Heap before GC invocations=20 (full 3):
 PSYoungGen      total 463872K, used 463825K [0x0000000715f80000, 0x0000000735500000, 0x00000007c0000000)
  eden space 441344K, 100% used [0x0000000715f80000,0x0000000730e80000,0x0000000730e80000)
  from space 22528K, 99% used [0x0000000733f00000,0x00000007354f45d8,0x0000000735500000)
  to   space 34816K, 0% used [0x0000000731100000,0x0000000731100000,0x0000000733300000)
 ParOldGen       total 518656K, used 68632K [0x00000005c1e00000, 0x00000005e1880000, 0x0000000715f80000)
  object space 518656K, 13% used [0x00000005c1e00000,0x00000005c61061c8,0x00000005e1880000)
 Metaspace       used 89395K, capacity 92146K, committed 92416K, reserved 1132544K
  class space    used 9276K, capacity 9728K, committed 9728K, reserved 1048576K
Event: 1666.325 GC heap after
Heap after GC invocations=20 (full 3):
 PSYoungGen      total 454656K, used 23566K [0x0000000715f80000, 0x0000000734800000, 0x00000007c0000000)
  eden space 430592K, 0% used [0x0000000715f80000,0x0000000715f80000,0x0000000730400000)
  from space 24064K, 97% used [0x0000000731100000,0x0000000732803938,0x0000000732880000)
  to   space 32256K, 0% used [0x0000000732880000,0x0000000732880000,0x0000000734800000)
 ParOldGen       total 518656K, used 68640K [0x00000005c1e00000, 0x00000005e1880000, 0x0000000715f80000)
  object space 518656K, 13% used [0x00000005c1e00000,0x00000005c61081c8,0x00000005e1880000)
 Metaspace       used 89395K, capacity 92146K, committed 92416K, reserved 1132544K
  class space    used 9276K, capacity 9728K, committed 9728K, reserved 1048576K
}
Event: 1669.509 GC heap before
{Heap before GC invocations=21 (full 3):
 PSYoungGen      total 454656K, used 454158K [0x0000000715f80000, 0x0000000734800000, 0x00000007c0000000)
  eden space 430592K, 100% used [0x0000000715f80000,0x0000000730400000,0x0000000730400000)
  from space 24064K, 97% used [0x0000000731100000,0x0000000732803938,0x0000000732880000)
  to   space 32256K, 0% used [0x0000000732880000,0x0000000732880000,0x0000000734800000)
 ParOldGen       total 518656K, used 68640K [0x00000005c1e00000, 0x00000005e1880000, 0x0000000715f80000)
  object space 518656K, 13% used [0x00000005c1e00000,0x00000005c61081c8,0x00000005e1880000)
 Metaspace       used 89504K, capacity 92210K, committed 92416K, reserved 1132544K
  class space    used 9276K, capacity 9728K, committed 9728K, reserved 1048576K
Event: 1669.524 GC heap after
Heap after GC invocations=21 (full 3):
 PSYoungGen      total 445952K, used 25157K [0x0000000715f80000, 0x0000000734180000, 0x00000007c0000000)
  eden space 420352K, 0% used [0x0000000715f80000,0x0000000715f80000,0x000000072fa00000)
  from space 25600K, 98% used [0x0000000732880000,0x00000007341115b0,0x0000000734180000)
  to   space 35840K, 0% used [0x000000072fb80000,0x000000072fb80000,0x0000000731e80000)
 ParOldGen       total 518656K, used 68648K [0x00000005c1e00000, 0x00000005e1880000, 0x0000000715f80000)
  object space 518656K, 13% used [0x00000005c1e00000,0x00000005c610a1c8,0x00000005e1880000)
 Metaspace       used 89504K, capacity 92210K, committed 92416K, reserved 1132544K
  class space    used 9276K, capacity 9728K, committed 9728K, reserved 1048576K
}

