# JRE version: Java(TM) SE Runtime Environment (8.0_181-b13) (build 1.8.0_181-b13)
# Java VM: Java HotSpot(TM) 64-Bit Server VM (25.181-b13 mixed mode windows-amd64 compressed oops)
Heap:
 PSYoungGen      total 731136K, used 229223K [0x0000000715d00000, 0x0000000751a00000, 0x00000007c0000000)
  eden space 697344K, 29% used [0x0000000715d00000,0x00000007228b7018,0x0000000740600000)
  from space 33792K, 61% used [0x0000000740600000,0x0000000741a22e28,0x0000000742700000)
  to   space 33280K, 0% used [0x000000074f980000,0x000000074f980000,0x0000000751a00000)
 ParOldGen       total 449024K, used 61050K [0x00000005c1600000, 0x00000005dcc80000, 0x0000000715d00000)
  object space 449024K, 13% used [0x00000005c1600000,0x00000005c519ea18,0x00000005dcc80000)
 Metaspace       used 74294K, capacity 75846K, committed 75904K, reserved 1116160K
  class space    used 7992K, capacity 8316K, committed 8320K, reserved 1048576K
GC Heap History (10 events):
Event: 13.003 GC heap before
{Heap before GC invocations=10 (full 2):
 PSYoungGen      total 406528K, used 406497K [0x0000000715d00000, 0x000000073a400000, 0x00000007c0000000)
  eden space 392192K, 100% used [0x0000000715d00000,0x000000072dc00000,0x000000072dc00000)
  from space 14336K, 99% used [0x000000072dc00000,0x000000072e9f8410,0x000000072ea00000)
  to   space 19968K, 0% used [0x0000000739080000,0x0000000739080000,0x000000073a400000)
 ParOldGen       total 321536K, used 29455K [0x00000005c1600000, 0x00000005d5000000, 0x0000000715d00000)
  object space 321536K, 9% used [0x00000005c1600000,0x00000005c32c3c08,0x00000005d5000000)
 Metaspace       used 51553K, capacity 52116K, committed 52480K, reserved 1095680K
  class space    used 5975K, capacity 6110K, committed 6144K, reserved 1048576K
Event: 13.022 GC heap after
Heap after GC invocations=10 (full 2):
 PSYoungGen      total 572928K, used 19951K [0x0000000715d00000, 0x000000073b280000, 0x00000007c0000000)
  eden space 552960K, 0% used [0x0000000715d00000,0x0000000715d00000,0x0000000737900000)
  from space 19968K, 99% used [0x0000000739080000,0x000000073a3fbc10,0x000000073a400000)
  to   space 24064K, 0% used [0x0000000737900000,0x0000000737900000,0x0000000739080000)
 ParOldGen       total 321536K, used 33459K [0x00000005c1600000, 0x00000005d5000000, 0x0000000715d00000)
  object space 321536K, 10% used [0x00000005c1600000,0x00000005c36acf60,0x00000005d5000000)
 Metaspace       used 51553K, capacity 52116K, committed 52480K, reserved 1095680K
  class space    used 5975K, capacity 6110K, committed 6144K, reserved 1048576K
}
Event: 16.855 GC heap before
{Heap before GC invocations=11 (full 2):
 PSYoungGen      total 572928K, used 572911K [0x0000000715d00000, 0x000000073b280000, 0x00000007c0000000)
  eden space 552960K, 100% used [0x0000000715d00000,0x0000000737900000,0x0000000737900000)
  from space 19968K, 99% used [0x0000000739080000,0x000000073a3fbc10,0x000000073a400000)
  to   space 24064K, 0% used [0x0000000737900000,0x0000000737900000,0x0000000739080000)
 ParOldGen       total 321536K, used 33459K [0x00000005c1600000, 0x00000005d5000000, 0x0000000715d00000)
  object space 321536K, 10% used [0x00000005c1600000,0x00000005c36acf60,0x00000005d5000000)
 Metaspace       used 58005K, capacity 58562K, committed 59008K, reserved 1101824K
  class space    used 6589K, capacity 6715K, committed 6784K, reserved 1048576K
Event: 16.887 GC heap after
Heap after GC invocations=11 (full 2):
 PSYoungGen      total 577024K, used 24039K [0x0000000715d00000, 0x0000000744980000, 0x00000007c0000000)
  eden space 552960K, 0% used [0x0000000715d00000,0x0000000715d00000,0x0000000737900000)
  from space 24064K, 99% used [0x0000000737900000,0x0000000739079c78,0x0000000739080000)
  to   space 35328K, 0% used [0x0000000742700000,0x0000000742700000,0x0000000744980000)
 ParOldGen       total 321536K, used 53829K [0x00000005c1600000, 0x00000005d5000000, 0x0000000715d00000)
  object space 321536K, 16% used [0x00000005c1600000,0x00000005c4a917e8,0x00000005d5000000)
 Metaspace       used 58005K, capacity 58562K, committed 59008K, reserved 1101824K
  class space    used 6589K, capacity 6715K, committed 6784K, reserved 1048576K
}
Event: 17.174 GC heap before
{Heap before GC invocations=12 (full 2):
 PSYoungGen      total 577024K, used 55701K [0x0000000715d00000, 0x0000000744980000, 0x00000007c0000000)
  eden space 552960K, 5% used [0x0000000715d00000,0x0000000717beb830,0x0000000737900000)
  from space 24064K, 99% used [0x0000000737900000,0x0000000739079c78,0x0000000739080000)
  to   space 35328K, 0% used [0x0000000742700000,0x0000000742700000,0x0000000744980000)
 ParOldGen       total 321536K, used 53829K [0x00000005c1600000, 0x00000005d5000000, 0x0000000715d00000)
  object space 321536K, 16% used [0x00000005c1600000,0x00000005c4a917e8,0x00000005d5000000)
 Metaspace       used 58229K, capacity 58818K, committed 59008K, reserved 1101824K
  class space    used 6623K, capacity 6779K, committed 6784K, reserved 1048576K
Event: 17.192 GC heap after
Heap after GC invocations=12 (full 2):
 PSYoungGen      total 732672K, used 17289K [0x0000000715d00000, 0x0000000748b80000, 0x00000007c0000000)
  eden space 697344K, 0% used [0x0000000715d00000,0x0000000715d00000,0x0000000740600000)
  from space 35328K, 48% used [0x0000000742700000,0x00000007437e2658,0x0000000744980000)
  to   space 33792K, 0% used [0x0000000740600000,0x0000000740600000,0x0000000742700000)
 ParOldGen       total 321536K, used 61598K [0x00000005c1600000, 0x00000005d5000000, 0x0000000715d00000)
  object space 321536K, 19% used [0x00000005c1600000,0x00000005c5227af8,0x00000005d5000000)
 Metaspace       used 58229K, capacity 58818K, committed 59008K, reserved 1101824K
  class space    used 6623K, capacity 6779K, committed 6784K, reserved 1048576K
}
Event: 17.192 GC heap before
{Heap before GC invocations=13 (full 3):
 PSYoungGen      total 732672K, used 17289K [0x0000000715d00000, 0x0000000748b80000, 0x00000007c0000000)
  eden space 697344K, 0% used [0x0000000715d00000,0x0000000715d00000,0x0000000740600000)
  from space 35328K, 48% used [0x0000000742700000,0x00000007437e2658,0x0000000744980000)
  to   space 33792K, 0% used [0x0000000740600000,0x0000000740600000,0x0000000742700000)
 ParOldGen       total 321536K, used 61598K [0x00000005c1600000, 0x00000005d5000000, 0x0000000715d00000)
  object space 321536K, 19% used [0x00000005c1600000,0x00000005c5227af8,0x00000005d5000000)
 Metaspace       used 58229K, capacity 58818K, committed 59008K, reserved 1101824K
  class space    used 6623K, capacity 6779K, committed 6784K, reserved 1048576K
Event: 17.386 GC heap after
Heap after GC invocations=13 (full 3):
 PSYoungGen      total 732672K, used 0K [0x0000000715d00000, 0x0000000748b80000, 0x00000007c0000000)
  eden space 697344K, 0% used [0x0000000715d00000,0x0000000715d00000,0x0000000740600000)
  from space 35328K, 0% used [0x0000000742700000,0x0000000742700000,0x0000000744980000)
  to   space 33792K, 0% used [0x0000000740600000,0x0000000740600000,0x0000000742700000)
 ParOldGen       total 449024K, used 61042K [0x00000005c1600000, 0x00000005dcc80000, 0x0000000715d00000)
  object space 449024K, 13% used [0x00000005c1600000,0x00000005c519ca18,0x00000005dcc80000)
 Metaspace       used 58229K, capacity 58818K, committed 59008K, reserved 1101824K
  class space    used 6623K, capacity 6779K, committed 6784K, reserved 1048576K
}
Event: 32.543 GC heap before
{Heap before GC invocations=14 (full 3):
 PSYoungGen      total 732672K, used 697344K [0x0000000715d00000, 0x0000000748b80000, 0x00000007c0000000)
  eden space 697344K, 100% used [0x0000000715d00000,0x0000000740600000,0x0000000740600000)
  from space 35328K, 0% used [0x0000000742700000,0x0000000742700000,0x0000000744980000)
  to   space 33792K, 0% used [0x0000000740600000,0x0000000740600000,0x0000000742700000)
 ParOldGen       total 449024K, used 61042K [0x00000005c1600000, 0x00000005dcc80000, 0x0000000715d00000)
  object space 449024K, 13% used [0x00000005c1600000,0x00000005c519ca18,0x00000005dcc80000)
 Metaspace       used 71981K, capacity 73160K, committed 73216K, reserved 1114112K
  class space    used 7876K, capacity 8163K, committed 8192K, reserved 1048576K
Event: 32.561 GC heap after
Heap after GC invocations=14 (full 3):
 PSYoungGen      total 731136K, used 20619K [0x0000000715d00000, 0x0000000751a00000, 0x00000007c0000000)
  eden space 697344K, 0% used [0x0000000715d00000,0x0000000715d00000,0x0000000740600000)
  from space 33792K, 61% used [0x0000000740600000,0x0000000741a22e28,0x0000000742700000)
  to   space 33280K, 0% used [0x000000074f980000,0x000000074f980000,0x0000000751a00000)
 ParOldGen       total 449024K, used 61050K [0x00000005c1600000, 0x00000005dcc80000, 0x0000000715d00000)
  object space 449024K, 13% used [0x00000005c1600000,0x00000005c519ea18,0x00000005dcc80000)
 Metaspace       used 71981K, capacity 73160K, committed 73216K, reserved 1114112K
  class space    used 7876K, capacity 8163K, committed 8192K, reserved 1048576K
}

