# JRE version: Java(TM) SE Runtime Environment (8.0_181-b13) (build 1.8.0_181-b13)
# Java VM: Java HotSpot(TM) 64-Bit Server VM (25.181-b13 mixed mode windows-amd64 compressed oops)
Heap:
 PSYoungGen      total 385536K, used 123831K [0x0000000715d00000, 0x0000000733500000, 0x00000007c0000000)
  eden space 365568K, 28% used [0x0000000715d00000,0x000000071c270858,0x000000072c200000)
  from space 19968K, 99% used [0x0000000730800000,0x0000000731b7d4e0,0x0000000731b80000)
  to   space 26112K, 0% used [0x0000000731b80000,0x0000000731b80000,0x0000000733500000)
 ParOldGen       total 504832K, used 57415K [0x00000005c1600000, 0x00000005e0300000, 0x0000000715d00000)
  object space 504832K, 11% used [0x00000005c1600000,0x00000005c4e11fe8,0x00000005e0300000)
 Metaspace       used 77704K, capacity 79452K, committed 79704K, reserved 1120256K
  class space    used 8176K, capacity 8511K, committed 8576K, reserved 1048576K
GC Heap History (10 events):
Event: 14.445 GC heap before
{Heap before GC invocations=14 (full 2):
 PSYoungGen      total 332288K, used 222924K [0x0000000715d00000, 0x0000000730900000, 0x00000007c0000000)
  eden space 312320K, 64% used [0x0000000715d00000,0x00000007223370e8,0x0000000728e00000)
  from space 19968K, 99% used [0x0000000728e00000,0x000000072a17c158,0x000000072a180000)
  to   space 25088K, 0% used [0x000000072f080000,0x000000072f080000,0x0000000730900000)
 ParOldGen       total 340992K, used 39996K [0x00000005c1600000, 0x00000005d6300000, 0x0000000715d00000)
  object space 340992K, 11% used [0x00000005c1600000,0x00000005c3d0f1e0,0x00000005d6300000)
 Metaspace       used 58224K, capacity 58802K, committed 59028K, reserved 1101824K
  class space    used 6436K, capacity 6585K, committed 6656K, reserved 1048576K
Event: 14.467 GC heap after
Heap after GC invocations=14 (full 2):
 PSYoungGen      total 407552K, used 25064K [0x0000000715d00000, 0x0000000731680000, 0x00000007c0000000)
  eden space 382464K, 0% used [0x0000000715d00000,0x0000000715d00000,0x000000072d280000)
  from space 25088K, 99% used [0x000000072f080000,0x00000007308fa170,0x0000000730900000)
  to   space 30720K, 0% used [0x000000072d280000,0x000000072d280000,0x000000072f080000)
 ParOldGen       total 340992K, used 46556K [0x00000005c1600000, 0x00000005d6300000, 0x0000000715d00000)
  object space 340992K, 13% used [0x00000005c1600000,0x00000005c4377020,0x00000005d6300000)
 Metaspace       used 58224K, capacity 58802K, committed 59028K, reserved 1101824K
  class space    used 6436K, capacity 6585K, committed 6656K, reserved 1048576K
}
Event: 14.467 GC heap before
{Heap before GC invocations=15 (full 3):
 PSYoungGen      total 407552K, used 25064K [0x0000000715d00000, 0x0000000731680000, 0x00000007c0000000)
  eden space 382464K, 0% used [0x0000000715d00000,0x0000000715d00000,0x000000072d280000)
  from space 25088K, 99% used [0x000000072f080000,0x00000007308fa170,0x0000000730900000)
  to   space 30720K, 0% used [0x000000072d280000,0x000000072d280000,0x000000072f080000)
 ParOldGen       total 340992K, used 46556K [0x00000005c1600000, 0x00000005d6300000, 0x0000000715d00000)
  object space 340992K, 13% used [0x00000005c1600000,0x00000005c4377020,0x00000005d6300000)
 Metaspace       used 58224K, capacity 58802K, committed 59028K, reserved 1101824K
  class space    used 6436K, capacity 6585K, committed 6656K, reserved 1048576K
Event: 14.662 GC heap after
Heap after GC invocations=15 (full 3):
 PSYoungGen      total 407552K, used 0K [0x0000000715d00000, 0x0000000731680000, 0x00000007c0000000)
  eden space 382464K, 0% used [0x0000000715d00000,0x0000000715d00000,0x000000072d280000)
  from space 25088K, 0% used [0x000000072f080000,0x000000072f080000,0x0000000730900000)
  to   space 30720K, 0% used [0x000000072d280000,0x000000072d280000,0x000000072f080000)
 ParOldGen       total 504832K, used 57383K [0x00000005c1600000, 0x00000005e0300000, 0x0000000715d00000)
  object space 504832K, 11% used [0x00000005c1600000,0x00000005c4e09fe8,0x00000005e0300000)
 Metaspace       used 58224K, capacity 58802K, committed 59028K, reserved 1101824K
  class space    used 6436K, capacity 6585K, committed 6656K, reserved 1048576K
}
Event: 214.079 GC heap before
{Heap before GC invocations=16 (full 3):
 PSYoungGen      total 407552K, used 382464K [0x0000000715d00000, 0x0000000731680000, 0x00000007c0000000)
  eden space 382464K, 100% used [0x0000000715d00000,0x000000072d280000,0x000000072d280000)
  from space 25088K, 0% used [0x000000072f080000,0x000000072f080000,0x0000000730900000)
  to   space 30720K, 0% used [0x000000072d280000,0x000000072d280000,0x000000072f080000)
 ParOldGen       total 504832K, used 57383K [0x00000005c1600000, 0x00000005e0300000, 0x0000000715d00000)
  object space 504832K, 11% used [0x00000005c1600000,0x00000005c4e09fe8,0x00000005e0300000)
 Metaspace       used 64901K, capacity 65712K, committed 65880K, reserved 1107968K
  class space    used 7298K, capacity 7473K, committed 7552K, reserved 1048576K
Event: 214.094 GC heap after
Heap after GC invocations=16 (full 3):
 PSYoungGen      total 413184K, used 11266K [0x0000000715d00000, 0x0000000735180000, 0x00000007c0000000)
  eden space 382464K, 0% used [0x0000000715d00000,0x0000000715d00000,0x000000072d280000)
  from space 30720K, 36% used [0x000000072d280000,0x000000072dd80850,0x000000072f080000)
  to   space 29696K, 0% used [0x0000000733480000,0x0000000733480000,0x0000000735180000)
 ParOldGen       total 504832K, used 57391K [0x00000005c1600000, 0x00000005e0300000, 0x0000000715d00000)
  object space 504832K, 11% used [0x00000005c1600000,0x00000005c4e0bfe8,0x00000005e0300000)
 Metaspace       used 64901K, capacity 65712K, committed 65880K, reserved 1107968K
  class space    used 7298K, capacity 7473K, committed 7552K, reserved 1048576K
}
Event: 275.218 GC heap before
{Heap before GC invocations=17 (full 3):
 PSYoungGen      total 413184K, used 384775K [0x0000000715d00000, 0x0000000735180000, 0x00000007c0000000)
  eden space 382464K, 97% used [0x0000000715d00000,0x000000072c9c1570,0x000000072d280000)
  from space 30720K, 36% used [0x000000072d280000,0x000000072dd80850,0x000000072f080000)
  to   space 29696K, 0% used [0x0000000733480000,0x0000000733480000,0x0000000735180000)
 ParOldGen       total 504832K, used 57391K [0x00000005c1600000, 0x00000005e0300000, 0x0000000715d00000)
  object space 504832K, 11% used [0x00000005c1600000,0x00000005c4e0bfe8,0x00000005e0300000)
 Metaspace       used 68064K, capacity 68900K, committed 68952K, reserved 1110016K
  class space    used 7598K, capacity 7773K, committed 7808K, reserved 1048576K
Event: 275.226 GC heap after
Heap after GC invocations=17 (full 3):
 PSYoungGen      total 385536K, used 11772K [0x0000000715d00000, 0x0000000734000000, 0x00000007c0000000)
  eden space 373760K, 0% used [0x0000000715d00000,0x0000000715d00000,0x000000072ca00000)
  from space 11776K, 99% used [0x0000000733480000,0x0000000733fff320,0x0000000734000000)
  to   space 28672K, 0% used [0x0000000730800000,0x0000000730800000,0x0000000732400000)
 ParOldGen       total 504832K, used 57399K [0x00000005c1600000, 0x00000005e0300000, 0x0000000715d00000)
  object space 504832K, 11% used [0x00000005c1600000,0x00000005c4e0dfe8,0x00000005e0300000)
 Metaspace       used 68064K, capacity 68900K, committed 68952K, reserved 1110016K
  class space    used 7598K, capacity 7773K, committed 7808K, reserved 1048576K
}
Event: 435.708 GC heap before
{Heap before GC invocations=18 (full 3):
 PSYoungGen      total 385536K, used 385532K [0x0000000715d00000, 0x0000000734000000, 0x00000007c0000000)
  eden space 373760K, 100% used [0x0000000715d00000,0x000000072ca00000,0x000000072ca00000)
  from space 11776K, 99% used [0x0000000733480000,0x0000000733fff320,0x0000000734000000)
  to   space 28672K, 0% used [0x0000000730800000,0x0000000730800000,0x0000000732400000)
 ParOldGen       total 504832K, used 57399K [0x00000005c1600000, 0x00000005e0300000, 0x0000000715d00000)
  object space 504832K, 11% used [0x00000005c1600000,0x00000005c4e0dfe8,0x00000005e0300000)
 Metaspace       used 76640K, capacity 78436K, committed 78680K, reserved 1120256K
  class space    used 8150K, capacity 8475K, committed 8576K, reserved 1048576K
Event: 435.725 GC heap after
Heap after GC invocations=18 (full 3):
 PSYoungGen      total 385536K, used 19957K [0x0000000715d00000, 0x0000000733500000, 0x00000007c0000000)
  eden space 365568K, 0% used [0x0000000715d00000,0x0000000715d00000,0x000000072c200000)
  from space 19968K, 99% used [0x0000000730800000,0x0000000731b7d4e0,0x0000000731b80000)
  to   space 26112K, 0% used [0x0000000731b80000,0x0000000731b80000,0x0000000733500000)
 ParOldGen       total 504832K, used 57415K [0x00000005c1600000, 0x00000005e0300000, 0x0000000715d00000)
  object space 504832K, 11% used [0x00000005c1600000,0x00000005c4e11fe8,0x00000005e0300000)
 Metaspace       used 76640K, capacity 78436K, committed 78680K, reserved 1120256K
  class space    used 8150K, capacity 8475K, committed 8576K, reserved 1048576K
}

